\BOOKMARK [0][-]{chapter*.1}{Copyright}{}% 1
\BOOKMARK [0][-]{chapter*.2}{Acknowledgements}{}% 2
\BOOKMARK [0][-]{chapter*.3}{Sponsors}{}% 3
\BOOKMARK [0][-]{chapter.0}{What is Calculus?}{}% 4
\BOOKMARK [1][-]{section.0.1}{Two Problems}{chapter.0}% 5
\BOOKMARK [1][-]{section.0.2}{Problem Solving}{chapter.0}% 6
\BOOKMARK [1][-]{section.0.3}{Exercises}{chapter.0}% 7
\BOOKMARK [0][-]{chapter.1}{Models, Graphs, and Functions}{}% 8
\BOOKMARK [1][-]{section.1.1}{What is a Function?}{chapter.1}% 9
\BOOKMARK [2][-]{subsection.1.1.1}{Function Concepts}{section.1.1}% 10
\BOOKMARK [2][-]{subsection.1.1.2}{Representing Functions}{section.1.1}% 11
\BOOKMARK [2][-]{subsection.1.1.3}{Evaluating Functions.}{section.1.1}% 12
\BOOKMARK [2][-]{subsection.1.1.4}{Cost, Revenue, and Profit}{section.1.1}% 13
\BOOKMARK [2][-]{subsection.1.1.5}{Domain and Range.}{section.1.1}% 14
\BOOKMARK [2][-]{subsection.1.1.6}{Exercises}{section.1.1}% 15
\BOOKMARK [1][-]{section.1.2}{Models}{chapter.1}% 16
\BOOKMARK [2][-]{subsection.1.2.1}{What is a Mathematical Model?}{section.1.2}% 17
\BOOKMARK [2][-]{subsection.1.2.2}{Scatter Plots: Plotting Data in a Spreadsheet}{section.1.2}% 18
\BOOKMARK [2][-]{subsection.1.2.3}{Curve Fitting, Interpolation, and Extrapolation}{section.1.2}% 19
\BOOKMARK [1][-]{section.1.3}{Linear Functions}{chapter.1}% 20
\BOOKMARK [2][-]{subsection.1.3.1}{Linear Function Basics}{section.1.3}% 21
\BOOKMARK [2][-]{subsection.1.3.2}{Graphs of Linear Functions}{section.1.3}% 22
\BOOKMARK [2][-]{subsection.1.3.3}{Modeling with Linear Functions}{section.1.3}% 23
\BOOKMARK [2][-]{subsection.1.3.4}{Fitting Linear Models to Data}{section.1.3}% 24
\BOOKMARK [2][-]{subsection.1.3.5}{Fitting Lines with a Spreadsheet.}{section.1.3}% 25
\BOOKMARK [2][-]{subsection.1.3.6}{Exercises}{section.1.3}% 26
\BOOKMARK [1][-]{section.1.4}{Polynomial Functions}{chapter.1}% 27
\BOOKMARK [2][-]{subsection.1.4.1}{Quadratic Functions}{section.1.4}% 28
\BOOKMARK [2][-]{subsection.1.4.2}{Polynomial Functions}{section.1.4}% 29
\BOOKMARK [2][-]{subsection.1.4.3}{Rational Functions}{section.1.4}% 30
\BOOKMARK [1][-]{section.1.5}{Exponential Functions}{chapter.1}% 31
\BOOKMARK [2][-]{subsection.1.5.1}{Laws of Exponents}{section.1.5}% 32
\BOOKMARK [2][-]{subsection.1.5.2}{Exponential Models}{section.1.5}% 33
\BOOKMARK [2][-]{subsection.1.5.3}{Graphs of Exponential Functions}{section.1.5}% 34
\BOOKMARK [2][-]{subsection.1.5.4}{Exercises}{section.1.5}% 35
\BOOKMARK [1][-]{section.1.6}{Logistic Functions}{chapter.1}% 36
\BOOKMARK [1][-]{section.1.7}{Logarithmic Functions}{chapter.1}% 37
\BOOKMARK [1][-]{section.1.8}{Trigonometric Functions}{chapter.1}% 38
\BOOKMARK [2][-]{subsection.1.8.1}{Definitions}{section.1.8}% 39
\BOOKMARK [2][-]{subsection.1.8.2}{Modeling with Sine Waves}{section.1.8}% 40
\BOOKMARK [1][-]{section.1.9}{Combining Functions}{chapter.1}% 41
\BOOKMARK [0][-]{chapter.2}{The Derivative: Rates of Change of a Function}{}% 42
\BOOKMARK [1][-]{section.2.1}{Slopes and Average Rates of Change}{chapter.2}% 43
\BOOKMARK [2][-]{subsection.2.1.1}{Precalculus Idea: Slope and Rate of Change}{section.2.1}% 44
\BOOKMARK [2][-]{subsection.2.1.2}{Secant Lines}{section.2.1}% 45
\BOOKMARK [2][-]{subsection.2.1.3}{Exercises}{section.2.1}% 46
\BOOKMARK [1][-]{section.2.2}{Tangent Lines and Instantaneous Rates of Change}{chapter.2}% 47
\BOOKMARK [2][-]{subsection.2.2.1}{Tangent Line Concepts}{section.2.2}% 48
\BOOKMARK [2][-]{subsection.2.2.2}{Tangent Lines, Formally}{section.2.2}% 49
\BOOKMARK [0][-]{chapter.3}{Applications of Derivatives}{}% 50
\BOOKMARK [0][-]{chapter.4}{Functions of Many Variables}{}% 51
\BOOKMARK [0][-]{chapter.5}{The Integral: Accumulation of a Rate Function}{}% 52
\BOOKMARK [0][-]{chapter.5}{References}{}% 53
\BOOKMARK [0][-]{chapter.5}{Index}{}% 54
